<?xml version="1.0" encoding="UTF-8"?>
<testsuite name="powerpackage.powertest" tests="4" skipped="0" failures="0" errors="0" timestamp="2022-02-11T08:41:03" hostname="DESKTOP-S7PK3MA" time="0.025">
  <properties/>
  <testcase name="two_raised_to_one_is_two()" classname="powerpackage.powertest" time="0.016"/>
  <testcase name="one_raised_to_one_is_one()" classname="powerpackage.powertest" time="0.002"/>
  <testcase name="two_raised_to_two_is_four()" classname="powerpackage.powertest" time="0.001"/>
  <testcase name="three_raised_to_two_is_nine()" classname="powerpackage.powertest" time="0.001"/>
  <system-out><![CDATA[]]></system-out>
  <system-err><![CDATA[]]></system-err>
</testsuite>
